<?xml version="1.0" encoding="UTF-8"?>
<!-- Generated by org.testng.reporters.JUnitXMLReporter -->
<testsuite hostname="sai-PC" name="Default test" tests="2" failures="0" timestamp="10 Sep 2020 13:31:47 GMT" time="112.14" errors="0">
  <testcase name="verifyIfLogoPresent" time="54.006" classname="com.testingshatra.functionaltests.HomePageTests"/>
  <testcase name="verifyPresenceOfAllMenuItems" time="58.04" classname="com.testingshatra.functionaltests.HomePageTests"/>
</testsuite> <!-- Default test -->
